0 verbose cli [
0 verbose cli   'C:\\nvm4w\\nodejs\\node.exe',
0 verbose cli   'C:\\nvm4w\\nodejs\\node_modules\\npm\\bin\\npm-cli.js',
0 verbose cli   'install',
0 verbose cli   'bcryptjs',
0 verbose cli   'jsonwebtoken',
0 verbose cli   '--cache',
0 verbose cli   '.\\.npm-cache'
0 verbose cli ]
1 info using npm@8.5.0
2 info using node@v16.14.2
3 timing npm:load:whichnode Completed in 0ms
4 timing config:load:defaults Completed in 2ms
5 timing config:load:file:C:\Users\kis\AppData\Local\nvm\v16.14.2\node_modules\npm\npmrc Completed in 1ms
6 timing config:load:builtin Completed in 3ms
7 timing config:load:cli Completed in 3ms
8 timing config:load:env Completed in 2ms
9 timing config:load:file:C:\Users\kis\Downloads\chess-game (1)\chess-game\server\.npmrc Completed in 1ms
10 timing config:load:project Completed in 3ms
11 timing config:load:file:C:\Users\kis\.npmrc Completed in 0ms
12 timing config:load:user Completed in 0ms
13 timing config:load:file:C:\nvm4w\nodejs\etc\npmrc Completed in 0ms
14 timing config:load:global Completed in 0ms
15 timing config:load:validate Completed in 0ms
16 timing config:load:credentials Completed in 2ms
17 timing config:load:setEnvs Completed in 2ms
18 timing config:load Completed in 19ms
19 timing npm:load:configload Completed in 20ms
20 timing npm:load:setTitle Completed in 3ms
21 timing config:load:flatten Completed in 5ms
22 timing npm:load:display Completed in 6ms
23 verbose logfile C:\Users\kis\Downloads\chess-game (1)\chess-game\server\.npm-cache\_logs\2026-07-03T07_18_30_894Z-debug-0.log
24 timing npm:load:logFile Completed in 15ms
25 timing npm:load:timers Completed in 0ms
26 timing npm:load:configScope Completed in 0ms
27 timing npm:load Completed in 46ms
28 timing arborist:ctor Completed in 1ms
29 timing idealTree:init Completed in 173ms
30 timing idealTree:userRequests Completed in 4ms
31 silly idealTree buildDeps
32 silly fetch manifest bcryptjs@*
33 verbose shrinkwrap failed to load node_modules/.package-lock.json out of date, updated: node_modules
34 http fetch GET 200 https://registry.npmjs.org/bcryptjs 349ms (cache miss)
35 silly fetch manifest jsonwebtoken@*
36 http fetch GET 200 https://registry.npmjs.org/jsonwebtoken 77ms (cache miss)
37 silly placeDep ROOT bcryptjs@3.0.3 OK for: chess-server@1.0.0 want: *
38 silly placeDep ROOT jsonwebtoken@9.0.3 OK for: chess-server@1.0.0 want: *
39 silly fetch manifest ms@^2.1.1
40 silly fetch manifest jws@^4.0.1
41 silly fetch manifest lodash.once@^4.0.0
42 silly fetch manifest lodash.includes@^4.3.0
43 silly fetch manifest lodash.isnumber@^3.0.3
44 silly fetch manifest lodash.isstring@^4.0.1
45 silly fetch manifest lodash.isboolean@^3.0.3
46 silly fetch manifest lodash.isinteger@^4.0.4
47 silly fetch manifest lodash.isplainobject@^4.0.6
48 http fetch GET 200 https://registry.npmjs.org/lodash.once 133ms (cache miss)
49 http fetch GET 200 https://registry.npmjs.org/ms 137ms (cache miss)
50 http fetch GET 200 https://registry.npmjs.org/jws 209ms (cache miss)
51 http fetch GET 200 https://registry.npmjs.org/lodash.isplainobject 242ms (cache miss)
52 http fetch GET 200 https://registry.npmjs.org/lodash.isstring 247ms (cache miss)
53 http fetch GET 200 https://registry.npmjs.org/lodash.includes 251ms (cache miss)
54 http fetch GET 200 https://registry.npmjs.org/lodash.isnumber 255ms (cache miss)
55 http fetch GET 200 https://registry.npmjs.org/lodash.isinteger 432ms (cache miss)
56 http fetch GET 200 https://registry.npmjs.org/lodash.isboolean 1173ms (cache miss)
57 timing idealTree:#root Completed in 1623ms
58 timing idealTree:node_modules/bcryptjs Completed in 0ms
59 silly placeDep ROOT jws@4.0.1 OK for: jsonwebtoken@9.0.3 want: ^4.0.1
60 silly placeDep ROOT lodash.includes@4.3.0 OK for: jsonwebtoken@9.0.3 want: ^4.3.0
61 silly placeDep ROOT lodash.isboolean@3.0.3 OK for: jsonwebtoken@9.0.3 want: ^3.0.3
62 silly placeDep ROOT lodash.isinteger@4.0.4 OK for: jsonwebtoken@9.0.3 want: ^4.0.4
63 silly placeDep ROOT lodash.isnumber@3.0.3 OK for: jsonwebtoken@9.0.3 want: ^3.0.3
64 silly placeDep ROOT lodash.isplainobject@4.0.6 OK for: jsonwebtoken@9.0.3 want: ^4.0.6
65 silly placeDep ROOT lodash.isstring@4.0.1 OK for: jsonwebtoken@9.0.3 want: ^4.0.1
66 silly placeDep ROOT lodash.once@4.1.1 OK for: jsonwebtoken@9.0.3 want: ^4.0.0
67 silly placeDep node_modules/jsonwebtoken ms@2.1.3 OK for: jsonwebtoken@9.0.3 want: ^2.1.1
68 silly fetch manifest jwa@^2.0.1
69 http fetch GET 200 https://registry.npmjs.org/jwa 84ms (cache miss)
70 timing idealTree:node_modules/jsonwebtoken Completed in 108ms
71 silly placeDep ROOT jwa@2.0.1 OK for: jws@4.0.1 want: ^2.0.1
72 silly fetch manifest ecdsa-sig-formatter@1.0.11
73 silly fetch manifest buffer-equal-constant-time@^1.0.1
74 http fetch GET 200 https://registry.npmjs.org/ecdsa-sig-formatter 91ms (cache miss)
75 http fetch GET 200 https://registry.npmjs.org/buffer-equal-constant-time 95ms (cache miss)
76 timing idealTree:node_modules/jws Completed in 100ms
77 silly placeDep ROOT buffer-equal-constant-time@1.0.1 OK for: jwa@2.0.1 want: ^1.0.1
78 silly placeDep ROOT ecdsa-sig-formatter@1.0.11 OK for: jwa@2.0.1 want: 1.0.11
79 timing idealTree:node_modules/jwa Completed in 7ms
80 timing idealTree:node_modules/buffer-equal-constant-time Completed in 0ms
81 timing idealTree:node_modules/ecdsa-sig-formatter Completed in 0ms
82 timing idealTree:node_modules/lodash.includes Completed in 0ms
83 timing idealTree:node_modules/lodash.isboolean Completed in 1ms
84 timing idealTree:node_modules/lodash.isinteger Completed in 0ms
85 timing idealTree:node_modules/lodash.isnumber Completed in 0ms
86 timing idealTree:node_modules/lodash.isplainobject Completed in 0ms
87 timing idealTree:node_modules/lodash.isstring Completed in 0ms
88 timing idealTree:node_modules/lodash.once Completed in 0ms
89 timing idealTree:node_modules/jsonwebtoken/node_modules/ms Completed in 0ms
90 timing idealTree:buildDeps Completed in 1842ms
91 timing idealTree:fixDepFlags Completed in 3ms
92 warn EBADENGINE Unsupported engine {
92 warn EBADENGINE   package: 'balanced-match@4.0.4',
92 warn EBADENGINE   required: { node: '18 || 20 || >=22' },
92 warn EBADENGINE   current: { node: 'v16.14.2', npm: '8.5.0' }
92 warn EBADENGINE }
93 warn EBADENGINE Unsupported engine {
93 warn EBADENGINE   package: 'brace-expansion@5.0.7',
93 warn EBADENGINE   required: { node: '18 || 20 || >=22' },
93 warn EBADENGINE   current: { node: 'v16.14.2', npm: '8.5.0' }
93 warn EBADENGINE }
94 warn EBADENGINE Unsupported engine {
94 warn EBADENGINE   package: 'minimatch@10.2.5',
94 warn EBADENGINE   required: { node: '18 || 20 || >=22' },
94 warn EBADENGINE   current: { node: 'v16.14.2', npm: '8.5.0' }
94 warn EBADENGINE }
95 timing idealTree Completed in 2033ms
96 timing reify:loadTrees Completed in 2035ms
97 timing reify:diffTrees Completed in 11ms
98 silly reify moves {}
99 timing reify:retireShallow Completed in 1ms
100 timing reify:createSparse Completed in 13ms
101 timing reify:loadBundles Completed in 0ms
102 silly audit bulk request {
102 silly audit   '@socket.io/component-emitter': [ '3.1.2' ],
102 silly audit   '@types/cors': [ '2.8.19' ],
102 silly audit   '@types/node': [ '26.0.1' ],
102 silly audit   '@types/ws': [ '8.18.1' ],
102 silly audit   accepts: [ '1.3.8' ],
102 silly audit   anymatch: [ '3.1.3' ],
102 silly audit   'array-flatten': [ '1.1.1' ],
102 silly audit   'balanced-match': [ '4.0.4' ],
102 silly audit   base64id: [ '2.0.0' ],
102 silly audit   'binary-extensions': [ '2.3.0' ],
102 silly audit   'body-parser': [ '1.20.5' ],
102 silly audit   'brace-expansion': [ '5.0.7' ],
102 silly audit   braces: [ '3.0.3' ],
102 silly audit   bytes: [ '3.1.2' ],
102 silly audit   'call-bind-apply-helpers': [ '1.0.2' ],
102 silly audit   'call-bound': [ '1.0.4' ],
102 silly audit   'chess.js': [ '1.4.0' ],
102 silly audit   chokidar: [ '3.6.0' ],
102 silly audit   'content-disposition': [ '0.5.4' ],
102 silly audit   'content-type': [ '1.0.5' ],
102 silly audit   cookie: [ '0.7.2' ],
102 silly audit   'cookie-signature': [ '1.0.7' ],
102 silly audit   cors: [ '2.8.6' ],
102 silly audit   debug: [ '2.6.9', '4.4.3' ],
102 silly audit   depd: [ '2.0.0' ],
102 silly audit   destroy: [ '1.2.0' ],
102 silly audit   'dunder-proto': [ '1.0.1' ],
102 silly audit   'ee-first': [ '1.1.1' ],
102 silly audit   encodeurl: [ '2.0.0' ],
102 silly audit   'engine.io': [ '6.6.9' ],
102 silly audit   'engine.io-parser': [ '5.2.3' ],
102 silly audit   ms: [ '2.1.3', '2.0.0' ],
102 silly audit   'es-define-property': [ '1.0.1' ],
102 silly audit   'es-errors': [ '1.3.0' ],
102 silly audit   'es-object-atoms': [ '1.1.2' ],
102 silly audit   'escape-html': [ '1.0.3' ],
102 silly audit   etag: [ '1.8.1' ],
102 silly audit   express: [ '4.22.2' ],
102 silly audit   'fill-range': [ '7.1.1' ],
102 silly audit   finalhandler: [ '1.3.2' ],
102 silly audit   forwarded: [ '0.2.0' ],
102 silly audit   fresh: [ '0.5.2' ],
102 silly audit   fsevents: [ '2.3.3' ],
102 silly audit   'function-bind': [ '1.1.2' ],
102 silly audit   'get-intrinsic': [ '1.3.0' ],
102 silly audit   'get-proto': [ '1.0.1' ],
102 silly audit   'glob-parent': [ '5.1.2' ],
102 silly audit   gopd: [ '1.2.0' ],
102 silly audit   'has-flag': [ '3.0.0' ],
102 silly audit   'has-symbols': [ '1.1.0' ],
102 silly audit   hasown: [ '2.0.4' ],
102 silly audit   'http-errors': [ '2.0.1' ],
102 silly audit   'iconv-lite': [ '0.4.24' ],
102 silly audit   'ignore-by-default': [ '1.0.1' ],
102 silly audit   inherits: [ '2.0.4' ],
102 silly audit   'ipaddr.js': [ '1.9.1' ],
102 silly audit   'is-binary-path': [ '2.1.0' ],
102 silly audit   'is-extglob': [ '2.1.1' ],
102 silly audit   'is-glob': [ '4.0.3' ],
102 silly audit   'is-number': [ '7.0.0' ],
102 silly audit   'math-intrinsics': [ '1.1.0' ],
102 silly audit   'media-typer': [ '0.3.0' ],
102 silly audit   'merge-descriptors': [ '1.0.3' ],
102 silly audit   methods: [ '1.1.2' ],
102 silly audit   mime: [ '1.6.0' ],
102 silly audit   'mime-db': [ '1.52.0' ],
102 silly audit   'mime-types': [ '2.1.35' ],
102 silly audit   minimatch: [ '10.2.5' ],
102 silly audit   negotiator: [ '0.6.3' ],
102 silly audit   nodemon: [ '3.1.14' ],
102 silly audit   'normalize-path': [ '3.0.0' ],
102 silly audit   'object-assign': [ '4.1.1' ],
102 silly audit   'object-inspect': [ '1.13.4' ],
102 silly audit   'on-finished': [ '2.4.1' ],
102 silly audit   parseurl: [ '1.3.3' ],
102 silly audit   'path-to-regexp': [ '0.1.13' ],
102 silly audit   picomatch: [ '2.3.2' ],
102 silly audit   'proxy-addr': [ '2.0.7' ],
102 silly audit   'pstree.remy': [ '1.1.8' ],
102 silly audit   qs: [ '6.15.3' ],
102 silly audit   'range-parser': [ '1.2.1' ],
102 silly audit   'raw-body': [ '2.5.3' ],
102 silly audit   readdirp: [ '3.6.0' ],
102 silly audit   'safe-buffer': [ '5.2.1' ],
102 silly audit   'safer-buffer': [ '2.1.2' ],
102 silly audit   semver: [ '7.8.5' ],
102 silly audit   send: [ '0.19.2' ],
102 silly audit   'serve-static': [ '1.16.3' ],
102 silly audit   setprototypeof: [ '1.2.0' ],
102 silly audit   'side-channel': [ '1.1.1' ],
102 silly audit   'side-channel-list': [ '1.0.1' ],
102 silly audit   'side-channel-map': [ '1.0.1' ],
102 silly audit   'side-channel-weakmap': [ '1.0.2' ],
102 silly audit   'simple-update-notifier': [ '2.0.0' ],
102 silly audit   'socket.io': [ '4.8.3' ],
102 silly audit   'socket.io-adapter': [ '2.5.8' ],
102 silly audit   'socket.io-parser': [ '4.2.6' ],
102 silly audit   statuses: [ '2.0.2' ],
102 silly audit   'supports-color': [ '5.5.0' ],
102 silly audit   'to-regex-range': [ '5.0.1' ],
102 silly audit   toidentifier: [ '1.0.1' ],
102 silly audit   touch: [ '3.1.1' ],
102 silly audit   'type-is': [ '1.6.18' ],
102 silly audit   undefsafe: [ '2.0.5' ],
102 silly audit   'undici-types': [ '8.3.0' ],
102 silly audit   unpipe: [ '1.0.0' ],
102 silly audit   'utils-merge': [ '1.0.1' ],
102 silly audit   uuid: [ '9.0.1' ],
102 silly audit   vary: [ '1.1.2' ],
102 silly audit   ws: [ '8.21.0' ],
102 silly audit   bcryptjs: [ '3.0.3' ],
102 silly audit   jsonwebtoken: [ '9.0.3' ],
102 silly audit   jws: [ '4.0.1' ],
102 silly audit   'lodash.includes': [ '4.3.0' ],
102 silly audit   'lodash.isboolean': [ '3.0.3' ],
102 silly audit   'lodash.isinteger': [ '4.0.4' ],
102 silly audit   'lodash.isnumber': [ '3.0.3' ],
102 silly audit   'lodash.isplainobject': [ '4.0.6' ],
102 silly audit   'lodash.isstring': [ '4.0.1' ],
102 silly audit   'lodash.once': [ '4.1.1' ],
102 silly audit   jwa: [ '2.0.1' ],
102 silly audit   'buffer-equal-constant-time': [ '1.0.1' ],
102 silly audit   'ecdsa-sig-formatter': [ '1.0.11' ]
102 silly audit }
103 verbose reify failed optional dependency C:\Users\kis\Downloads\chess-game (1)\chess-game\server\node_modules\fsevents
104 silly reify mark deleted [
104 silly reify   'C:\\Users\\kis\\Downloads\\chess-game (1)\\chess-game\\server\\node_modules\\fsevents'
104 silly reify ]
105 timing reifyNode:node_modules/fsevents Completed in 7ms
106 silly tarball no local data for ecdsa-sig-formatter@https://registry.npmjs.org/ecdsa-sig-formatter/-/ecdsa-sig-formatter-1.0.11.tgz. Extracting by manifest.
107 silly tarball no local data for buffer-equal-constant-time@https://registry.npmjs.org/buffer-equal-constant-time/-/buffer-equal-constant-time-1.0.1.tgz. Extracting by manifest.
108 silly tarball no local data for jwa@https://registry.npmjs.org/jwa/-/jwa-2.0.1.tgz. Extracting by manifest.
109 silly tarball no local data for lodash.once@https://registry.npmjs.org/lodash.once/-/lodash.once-4.1.1.tgz. Extracting by manifest.
110 silly tarball no local data for lodash.isstring@https://registry.npmjs.org/lodash.isstring/-/lodash.isstring-4.0.1.tgz. Extracting by manifest.
111 silly tarball no local data for lodash.isplainobject@https://registry.npmjs.org/lodash.isplainobject/-/lodash.isplainobject-4.0.6.tgz. Extracting by manifest.
112 silly tarball no local data for lodash.isnumber@https://registry.npmjs.org/lodash.isnumber/-/lodash.isnumber-3.0.3.tgz. Extracting by manifest.
113 silly tarball no local data for lodash.isinteger@https://registry.npmjs.org/lodash.isinteger/-/lodash.isinteger-4.0.4.tgz. Extracting by manifest.
114 silly tarball no local data for lodash.isboolean@https://registry.npmjs.org/lodash.isboolean/-/lodash.isboolean-3.0.3.tgz. Extracting by manifest.
115 silly tarball no local data for lodash.includes@https://registry.npmjs.org/lodash.includes/-/lodash.includes-4.3.0.tgz. Extracting by manifest.
116 silly tarball no local data for jws@https://registry.npmjs.org/jws/-/jws-4.0.1.tgz. Extracting by manifest.
117 silly tarball no local data for bcryptjs@https://registry.npmjs.org/bcryptjs/-/bcryptjs-3.0.3.tgz. Extracting by manifest.
118 silly tarball no local data for jsonwebtoken@https://registry.npmjs.org/jsonwebtoken/-/jsonwebtoken-9.0.3.tgz. Extracting by manifest.
119 silly tarball no local data for ms@https://registry.npmjs.org/ms/-/ms-2.1.3.tgz. Extracting by manifest.
120 http fetch POST 200 https://registry.npmjs.org/-/npm/v1/security/advisories/bulk 312ms
121 timing auditReport:getReport Completed in 318ms
122 silly audit report {
122 silly audit report   uuid: [
122 silly audit report     {
122 silly audit report       id: 1119441,
122 silly audit report       url: 'https://github.com/advisories/GHSA-w5hq-g745-h8pq',
122 silly audit report       title: 'uuid: Missing buffer bounds check in v3/v5/v6 when buf is provided',
122 silly audit report       severity: 'moderate',
122 silly audit report       vulnerable_versions: '<11.1.1',
122 silly audit report       cwe: [Array],
122 silly audit report       cvss: [Object]
122 silly audit report     }
122 silly audit report   ]
122 silly audit report }
123 timing metavuln:cache:get:security-advisory:uuid:fjKShcKspemxj7050oTyq4F6Ys6oXOzZoO3QUapp6PgJCcrmTMbXQaxkcJ1QLLNHzsQ9sgLuhrlezjv+hoSUhg== Completed in 11ms
124 http fetch GET 200 https://registry.npmjs.org/lodash.isnumber/-/lodash.isnumber-3.0.3.tgz 345ms (cache miss)
125 timing reifyNode:node_modules/lodash.isnumber Completed in 422ms
126 http fetch GET 200 https://registry.npmjs.org/lodash.isstring/-/lodash.isstring-4.0.1.tgz 436ms (cache miss)
127 timing reifyNode:node_modules/lodash.isstring Completed in 504ms
128 http fetch GET 200 https://registry.npmjs.org/lodash.once/-/lodash.once-4.1.1.tgz 454ms (cache miss)
129 timing reifyNode:node_modules/lodash.once Completed in 513ms
130 http fetch GET 200 https://registry.npmjs.org/lodash.isinteger/-/lodash.isinteger-4.0.4.tgz 444ms (cache miss)
131 timing reifyNode:node_modules/lodash.isinteger Completed in 527ms
132 http fetch GET 200 https://registry.npmjs.org/jwa/-/jwa-2.0.1.tgz 488ms (cache miss)
133 timing reifyNode:node_modules/jwa Completed in 541ms
134 http fetch GET 200 https://registry.npmjs.org/lodash.isplainobject/-/lodash.isplainobject-4.0.6.tgz 485ms (cache miss)
135 timing reifyNode:node_modules/lodash.isplainobject Completed in 557ms
136 http fetch GET 200 https://registry.npmjs.org/buffer-equal-constant-time/-/buffer-equal-constant-time-1.0.1.tgz 529ms (cache miss)
137 timing reifyNode:node_modules/buffer-equal-constant-time Completed in 570ms
138 http fetch GET 200 https://registry.npmjs.org/ecdsa-sig-formatter/-/ecdsa-sig-formatter-1.0.11.tgz 578ms (cache miss)
139 timing reifyNode:node_modules/ecdsa-sig-formatter Completed in 610ms
140 http fetch GET 200 https://registry.npmjs.org/ms/-/ms-2.1.3.tgz 491ms (cache miss)
141 timing reifyNode:node_modules/jsonwebtoken/node_modules/ms Completed in 619ms
142 http fetch GET 200 https://registry.npmjs.org/lodash.isboolean/-/lodash.isboolean-3.0.3.tgz 548ms (cache miss)
143 timing reifyNode:node_modules/lodash.isboolean Completed in 635ms
144 http fetch GET 200 https://registry.npmjs.org/lodash.includes/-/lodash.includes-4.3.0.tgz 546ms (cache miss)
145 timing reifyNode:node_modules/lodash.includes Completed in 645ms
146 http fetch GET 200 https://registry.npmjs.org/uuid 341ms (cache miss)
147 timing metavuln:packument:uuid Completed in 345ms
148 timing metavuln:load:security-advisory:uuid:1119441 Completed in 14ms
149 http fetch GET 200 https://registry.npmjs.org/jws/-/jws-4.0.1.tgz 602ms (cache miss)
150 timing reifyNode:node_modules/jws Completed in 708ms
151 timing metavuln:cache:put:security-advisory:uuid:fjKShcKspemxj7050oTyq4F6Ys6oXOzZoO3QUapp6PgJCcrmTMbXQaxkcJ1QLLNHzsQ9sgLuhrlezjv+hoSUhg== Completed in 60ms
152 timing metavuln:calculate:security-advisory:uuid:1119441 Completed in 419ms
153 timing auditReport:init Completed in 429ms
154 timing reify:audit Completed in 749ms
155 http fetch GET 200 https://registry.npmjs.org/bcryptjs/-/bcryptjs-3.0.3.tgz 633ms (cache miss)
156 timing reifyNode:node_modules/bcryptjs Completed in 744ms
157 http fetch GET 200 https://registry.npmjs.org/jsonwebtoken/-/jsonwebtoken-9.0.3.tgz 656ms (cache miss)
158 timing reifyNode:node_modules/jsonwebtoken Completed in 771ms
159 timing reify:unpack Completed in 774ms
160 timing reify:unretire Completed in 0ms
161 timing build:queue Completed in 10ms
162 timing build:link:node_modules/bcryptjs Completed in 40ms
163 timing build:link Completed in 40ms
164 timing build:deps Completed in 51ms
165 timing build Completed in 52ms
166 timing reify:build Completed in 52ms
167 timing reify:trash Completed in 2ms
168 timing reify:save Completed in 101ms
169 timing reify Completed in 3093ms
170 silly ADD node_modules/ecdsa-sig-formatter
171 silly ADD node_modules/buffer-equal-constant-time
172 silly ADD node_modules/jwa
173 silly ADD node_modules/lodash.once
174 silly ADD node_modules/lodash.isstring
175 silly ADD node_modules/lodash.isplainobject
176 silly ADD node_modules/lodash.isnumber
177 silly ADD node_modules/lodash.isinteger
178 silly ADD node_modules/lodash.isboolean
179 silly ADD node_modules/lodash.includes
180 silly ADD node_modules/jws
181 silly ADD node_modules/jsonwebtoken
182 silly ADD node_modules/jsonwebtoken/node_modules/ms
183 silly ADD node_modules/bcryptjs
184 silly ADD
185 timing command:install Completed in 3121ms
186 notice
186 notice New major version of npm available! 8.5.0 -> 11.18.0
186 notice Changelog: <https://github.com/npm/cli/releases/tag/v11.18.0>
186 notice Run `npm install -g npm@11.18.0` to update!
186 notice
187 verbose exit 0
188 timing npm Completed in 3795ms
189 info ok
